<?xml version="1.0" encoding="UTF-8"?>
<testng-results ignored="0" total="1" passed="1" failed="0" skipped="0">
  <reporter-output>
  </reporter-output>
  <suite started-at="2023-08-03T19:34:57 IST" name="Default suite" finished-at="2023-08-03T19:34:57 IST" duration-ms="170">
    <groups>
    </groups>
    <test started-at="2023-08-03T19:34:57 IST" name="Default test" finished-at="2023-08-03T19:34:57 IST" duration-ms="170">
      <class name="sampleGit.SampleProgram">
        <test-method signature="demo()[pri:0, instance:sampleGit.SampleProgram@581ac8a8]" started-at="2023-08-03T19:34:57 IST" name="demo" finished-at="2023-08-03T19:34:57 IST" duration-ms="27" status="PASS">
          <reporter-output>
          </reporter-output>
        </test-method> <!-- demo -->
      </class> <!-- sampleGit.SampleProgram -->
    </test> <!-- Default test -->
  </suite> <!-- Default suite -->
</testng-results>
